0 silly argv {
0 silly argv   _: [ 'version' ],
0 silly argv   lernaVersion: '3.22.1',
0 silly argv   '$0': 'lerna',
0 silly argv   bump: 'major'
0 silly argv }
1 notice cli v3.22.1
2 verbose rootPath /Users/bang/Desktop/bones
3 info current version 0.0.0
4 silly isAnythingCommitted
5 verbose isAnythingCommitted 1
6 silly currentBranch
7 verbose currentBranch master
8 silly remoteBranchExists
9 silly isBehindUpstream
10 silly isBehindUpstream master is behind origin/master by 0 commit(s) and ahead by 0
11 silly hasTags
12 verbose hasTags true
13 silly git-describe.sync "v1.0.0-3-gc9075bd" => {"lastTagName":"v1.0.0","lastVersion":"v1.0.0","refCount":"3","sha":"c9075bd","isDirty":false}
14 info Looking for changed packages since v1.0.0
15 silly checking diff packages/api
16 silly found diff in packages/api/package.json
17 verbose filtered diff [ 'packages/api/package.json' ]
18 silly checking diff packages/cache
19 silly found diff in packages/cache/package.json
20 verbose filtered diff [ 'packages/cache/package.json' ]
21 silly checking diff packages/i18n
22 silly found diff in packages/i18n/package.json
23 verbose filtered diff [ 'packages/i18n/package.json' ]
24 silly checking diff packages/queryParams
25 silly found diff in packages/queryParams/package.json
26 verbose filtered diff [ 'packages/queryParams/package.json' ]
27 silly checking diff packages/redux-helpers
28 silly found diff in packages/redux-helpers/package.json
29 verbose filtered diff [ 'packages/redux-helpers/package.json' ]
30 silly checking diff packages/resource
31 silly found diff in packages/resource/package.json
32 verbose filtered diff [ 'packages/resource/package.json' ]
33 verbose updated @bones/api
34 verbose updated @bones/cache
35 verbose updated @bones/i18n
36 verbose updated @bones/queryparams
37 verbose updated @bones/redux-helpers
38 verbose updated @bones/resource
39 verbose git-describe undefined => "v1.0.0-3-gc9075bd"
40 silly git-describe parsed => {"lastTagName":"v1.0.0","lastVersion":"v1.0.0","refCount":"3","sha":"c9075bd","isDirty":false}
41 info execute Skipping releases
42 silly lifecycle No script for "preversion" in "root", continuing
43 silly lifecycle No script for "preversion" in "@bones/api", continuing
44 silly lifecycle No script for "preversion" in "@bones/cache", continuing
45 silly lifecycle No script for "preversion" in "@bones/i18n", continuing
46 silly lifecycle No script for "preversion" in "@bones/queryparams", continuing
47 silly lifecycle No script for "version" in "@bones/i18n", continuing
48 silly lifecycle No script for "preversion" in "@bones/redux-helpers", continuing
49 silly lifecycle No script for "version" in "@bones/queryparams", continuing
50 silly lifecycle No script for "preversion" in "@bones/resource", continuing
51 silly lifecycle No script for "version" in "@bones/api", continuing
52 silly lifecycle No script for "version" in "@bones/cache", continuing
53 silly lifecycle No script for "version" in "@bones/resource", continuing
54 silly lifecycle No script for "version" in "@bones/redux-helpers", continuing
55 silly lifecycle No script for "version" in "root", continuing
56 silly gitAdd [
56 silly gitAdd   'packages/i18n/package.json',
56 silly gitAdd   'packages/queryParams/package.json',
56 silly gitAdd   'packages/api/package.json',
56 silly gitAdd   'packages/cache/package.json',
56 silly gitAdd   'packages/resource/package.json',
56 silly gitAdd   'packages/redux-helpers/package.json',
56 silly gitAdd   'lerna.json'
56 silly gitAdd ]
57 silly gitCommit v1.0.0
58 verbose git [ 'commit', '-m', 'v1.0.0' ]
59 silly gitTag v1.0.0
60 verbose git [ 'tag', 'v1.0.0', '-m', 'v1.0.0' ]
61 error Error: Command failed: git tag v1.0.0 -m v1.0.0
61 error fatal: tag 'v1.0.0' already exists
61 error
61 error     at makeError (/usr/local/lib/node_modules/lerna/node_modules/execa/index.js:174:9)
61 error     at /usr/local/lib/node_modules/lerna/node_modules/execa/index.js:278:16
61 error     at processTicksAndRejections (internal/process/task_queues.js:97:5)
